This file contains any messages produced by compilers while
running configure, to aid debugging if configure makes a mistake.

It was created by json-c configure 0.10, which was
generated by GNU Autoconf 2.69.  Invocation command line was

  $ ./configure 

## --------- ##
## Platform. ##
## --------- ##

hostname = raspberrypi
uname -m = armv6l
uname -r = 3.18.5+
uname -s = Linux
uname -v = #744 PREEMPT Fri Jan 30 18:19:07 GMT 2015

/usr/bin/uname -p = unknown
/bin/uname -X     = unknown

/bin/arch              = unknown
/usr/bin/arch -k       = unknown
/usr/convex/getsysinfo = unknown
/usr/bin/hostinfo      = unknown
/bin/machine           = unknown
/usr/bin/oslevel       = unknown
/bin/universe          = unknown

PATH: /usr/local/sbin
PATH: /usr/local/bin
PATH: /usr/sbin
PATH: /usr/bin
PATH: /sbin
PATH: /bin


## ----------- ##
## Core tests. ##
## ----------- ##

configure:2295: checking for a BSD-compatible install
configure:2363: result: /usr/bin/install -c
configure:2374: checking whether build environment is sane
configure:2424: result: yes
configure:2565: checking for a thread-safe mkdir -p
configure:2604: result: /bin/mkdir -p
configure:2617: checking for gawk
configure:2647: result: no
configure:2617: checking for mawk
configure:2633: found /usr/bin/mawk
configure:2644: result: mawk
configure:2655: checking whether make sets $(MAKE)
configure:2677: result: yes
configure:2777: checking for style of include used by make
configure:2805: result: GNU
configure:2876: checking for gcc
configure:2892: found /usr/bin/gcc
configure:2903: result: gcc
configure:3132: checking for C compiler version
configure:3141: gcc --version >&5
gcc (Debian 4.6.3-14+rpi1) 4.6.3
Copyright (C) 2011 Free Software Foundation, Inc.
This is free software; see the source for copying conditions.  There is NO
warranty; not even for MERCHANTABILITY or FITNESS FOR A PARTICULAR PURPOSE.

configure:3152: $? = 0
configure:3141: gcc -v >&5
Using built-in specs.
COLLECT_GCC=gcc
COLLECT_LTO_WRAPPER=/usr/lib/gcc/arm-linux-gnueabihf/4.6/lto-wrapper
Target: arm-linux-gnueabihf
Configured with: ../src/configure -v --with-pkgversion='Debian 4.6.3-14+rpi1' --with-bugurl=file:///usr/share/doc/gcc-4.6/README.Bugs --enable-languages=c,c++,fortran,objc,obj-c++ --prefix=/usr --program-suffix=-4.6 --enable-shared --enable-linker-build-id --with-system-zlib --libexecdir=/usr/lib --without-included-gettext --enable-threads=posix --with-gxx-include-dir=/usr/include/c++/4.6 --libdir=/usr/lib --enable-nls --with-sysroot=/ --enable-clocale=gnu --enable-libstdcxx-debug --enable-libstdcxx-time=yes --enable-gnu-unique-object --enable-plugin --enable-objc-gc --disable-sjlj-exceptions --with-arch=armv6 --with-fpu=vfp --with-float=hard --enable-checking=release --build=arm-linux-gnueabihf --host=arm-linux-gnueabihf --target=arm-linux-gnueabihf
Thread model: posix
gcc version 4.6.3 (Debian 4.6.3-14+rpi1) 
configure:3152: $? = 0
configure:3141: gcc -V >&5
gcc: error: unrecognized option '-V'
gcc: fatal error: no input files
compilation terminated.
configure:3152: $? = 4
configure:3141: gcc -qversion >&5
gcc: error: unrecognized option '-qversion'
gcc: fatal error: no input files
compilation terminated.
configure:3152: $? = 4
configure:3172: checking whether the C compiler works
configure:3194: gcc    conftest.c  >&5
configure:3198: $? = 0
configure:3246: result: yes
configure:3249: checking for C compiler default output file name
configure:3251: result: a.out
configure:3257: checking for suffix of executables
configure:3264: gcc -o conftest    conftest.c  >&5
configure:3268: $? = 0
configure:3290: result: 
configure:3312: checking whether we are cross compiling
configure:3320: gcc -o conftest    conftest.c  >&5
configure:3324: $? = 0
configure:3331: ./conftest
configure:3335: $? = 0
configure:3350: result: no
configure:3355: checking for suffix of object files
configure:3377: gcc -c   conftest.c >&5
configure:3381: $? = 0
configure:3402: result: o
configure:3406: checking whether we are using the GNU C compiler
configure:3425: gcc -c   conftest.c >&5
configure:3425: $? = 0
configure:3434: result: yes
configure:3443: checking whether gcc accepts -g
configure:3463: gcc -c -g  conftest.c >&5
configure:3463: $? = 0
configure:3504: result: yes
configure:3521: checking for gcc option to accept ISO C89
configure:3584: gcc  -c -g -O2  conftest.c >&5
configure:3584: $? = 0
configure:3597: result: none needed
configure:3619: checking dependency style of gcc
configure:3730: result: gcc3
configure:3751: checking how to run the C preprocessor
configure:3782: gcc -E  conftest.c
configure:3782: $? = 0
configure:3796: gcc -E  conftest.c
conftest.c:11:28: fatal error: ac_nonexistent.h: No such file or directory
compilation terminated.
configure:3796: $? = 1
configure: failed program was:
| /* confdefs.h */
| #define PACKAGE_NAME "json-c"
| #define PACKAGE_TARNAME "json-c"
| #define PACKAGE_VERSION "0.10"
| #define PACKAGE_STRING "json-c 0.10"
| #define PACKAGE_BUGREPORT "michael@metaparadigm.com"
| #define PACKAGE_URL ""
| #define PACKAGE "json-c"
| #define VERSION "0.10"
| /* end confdefs.h.  */
| #include <ac_nonexistent.h>
configure:3821: result: gcc -E
configure:3841: gcc -E  conftest.c
configure:3841: $? = 0
configure:3855: gcc -E  conftest.c
conftest.c:11:28: fatal error: ac_nonexistent.h: No such file or directory
compilation terminated.
configure:3855: $? = 1
configure: failed program was:
| /* confdefs.h */
| #define PACKAGE_NAME "json-c"
| #define PACKAGE_TARNAME "json-c"
| #define PACKAGE_VERSION "0.10"
| #define PACKAGE_STRING "json-c 0.10"
| #define PACKAGE_BUGREPORT "michael@metaparadigm.com"
| #define PACKAGE_URL ""
| #define PACKAGE "json-c"
| #define VERSION "0.10"
| /* end confdefs.h.  */
| #include <ac_nonexistent.h>
configure:3884: checking for grep that handles long lines and -e
configure:3942: result: /bin/grep
configure:3947: checking for egrep
configure:4009: result: /bin/grep -E
configure:4014: checking for ANSI C header files
configure:4034: gcc -c -g -O2  conftest.c >&5
configure:4034: $? = 0
configure:4107: gcc -o conftest -g -O2   conftest.c  >&5
configure:4107: $? = 0
configure:4107: ./conftest
configure:4107: $? = 0
configure:4118: result: yes
configure:4131: checking for sys/types.h
configure:4131: gcc -c -g -O2  conftest.c >&5
configure:4131: $? = 0
configure:4131: result: yes
configure:4131: checking for sys/stat.h
configure:4131: gcc -c -g -O2  conftest.c >&5
configure:4131: $? = 0
configure:4131: result: yes
configure:4131: checking for stdlib.h
configure:4131: gcc -c -g -O2  conftest.c >&5
configure:4131: $? = 0
configure:4131: result: yes
configure:4131: checking for string.h
configure:4131: gcc -c -g -O2  conftest.c >&5
configure:4131: $? = 0
configure:4131: result: yes
configure:4131: checking for memory.h
configure:4131: gcc -c -g -O2  conftest.c >&5
configure:4131: $? = 0
configure:4131: result: yes
configure:4131: checking for strings.h
configure:4131: gcc -c -g -O2  conftest.c >&5
configure:4131: $? = 0
configure:4131: result: yes
configure:4131: checking for inttypes.h
configure:4131: gcc -c -g -O2  conftest.c >&5
configure:4131: $? = 0
configure:4131: result: yes
configure:4131: checking for stdint.h
configure:4131: gcc -c -g -O2  conftest.c >&5
configure:4131: $? = 0
configure:4131: result: yes
configure:4131: checking for unistd.h
configure:4131: gcc -c -g -O2  conftest.c >&5
configure:4131: $? = 0
configure:4131: result: yes
configure:4146: checking fcntl.h usability
configure:4146: gcc -c -g -O2  conftest.c >&5
configure:4146: $? = 0
configure:4146: result: yes
configure:4146: checking fcntl.h presence
configure:4146: gcc -E  conftest.c
configure:4146: $? = 0
configure:4146: result: yes
configure:4146: checking for fcntl.h
configure:4146: result: yes
configure:4146: checking limits.h usability
configure:4146: gcc -c -g -O2  conftest.c >&5
configure:4146: $? = 0
configure:4146: result: yes
configure:4146: checking limits.h presence
configure:4146: gcc -E  conftest.c
configure:4146: $? = 0
configure:4146: result: yes
configure:4146: checking for limits.h
configure:4146: result: yes
configure:4146: checking for strings.h
configure:4146: result: yes
configure:4146: checking syslog.h usability
configure:4146: gcc -c -g -O2  conftest.c >&5
configure:4146: $? = 0
configure:4146: result: yes
configure:4146: checking syslog.h presence
configure:4146: gcc -E  conftest.c
configure:4146: $? = 0
configure:4146: result: yes
configure:4146: checking for syslog.h
configure:4146: result: yes
configure:4146: checking for unistd.h
configure:4146: result: yes
configure:4146: checking sys/param.h usability
configure:4146: gcc -c -g -O2  conftest.c >&5
configure:4146: $? = 0
configure:4146: result: yes
configure:4146: checking sys/param.h presence
configure:4146: gcc -E  conftest.c
configure:4146: $? = 0
configure:4146: result: yes
configure:4146: checking for sys/param.h
configure:4146: result: yes
configure:4146: checking stdarg.h usability
configure:4146: gcc -c -g -O2  conftest.c >&5
configure:4146: $? = 0
configure:4146: result: yes
configure:4146: checking stdarg.h presence
configure:4146: gcc -E  conftest.c
configure:4146: $? = 0
configure:4146: result: yes
configure:4146: checking for stdarg.h
configure:4146: result: yes
configure:4158: checking for an ANSI C-conforming const
configure:4224: gcc -c -g -O2  conftest.c >&5
configure:4224: $? = 0
configure:4231: result: yes
configure:4239: checking for size_t
configure:4239: gcc -c -g -O2  conftest.c >&5
configure:4239: $? = 0
configure:4239: gcc -c -g -O2  conftest.c >&5
conftest.c: In function 'main':
conftest.c:64:21: error: expected expression before ')' token
configure:4239: $? = 1
configure: failed program was:
| /* confdefs.h */
| #define PACKAGE_NAME "json-c"
| #define PACKAGE_TARNAME "json-c"
| #define PACKAGE_VERSION "0.10"
| #define PACKAGE_STRING "json-c 0.10"
| #define PACKAGE_BUGREPORT "michael@metaparadigm.com"
| #define PACKAGE_URL ""
| #define PACKAGE "json-c"
| #define VERSION "0.10"
| #define STDC_HEADERS 1
| #define HAVE_SYS_TYPES_H 1
| #define HAVE_SYS_STAT_H 1
| #define HAVE_STDLIB_H 1
| #define HAVE_STRING_H 1
| #define HAVE_MEMORY_H 1
| #define HAVE_STRINGS_H 1
| #define HAVE_INTTYPES_H 1
| #define HAVE_STDINT_H 1
| #define HAVE_UNISTD_H 1
| #define HAVE_FCNTL_H 1
| #define HAVE_LIMITS_H 1
| #define HAVE_STRINGS_H 1
| #define HAVE_SYSLOG_H 1
| #define HAVE_UNISTD_H 1
| #define HAVE_SYS_PARAM_H 1
| #define HAVE_STDARG_H 1
| /* end confdefs.h.  */
| #include <stdio.h>
| #ifdef HAVE_SYS_TYPES_H
| # include <sys/types.h>
| #endif
| #ifdef HAVE_SYS_STAT_H
| # include <sys/stat.h>
| #endif
| #ifdef STDC_HEADERS
| # include <stdlib.h>
| # include <stddef.h>
| #else
| # ifdef HAVE_STDLIB_H
| #  include <stdlib.h>
| # endif
| #endif
| #ifdef HAVE_STRING_H
| # if !defined STDC_HEADERS && defined HAVE_MEMORY_H
| #  include <memory.h>
| # endif
| # include <string.h>
| #endif
| #ifdef HAVE_STRINGS_H
| # include <strings.h>
| #endif
| #ifdef HAVE_INTTYPES_H
| # include <inttypes.h>
| #endif
| #ifdef HAVE_STDINT_H
| # include <stdint.h>
| #endif
| #ifdef HAVE_UNISTD_H
| # include <unistd.h>
| #endif
| int
| main ()
| {
| if (sizeof ((size_t)))
| 	    return 0;
|   ;
|   return 0;
| }
configure:4239: result: yes
configure:4254: checking for vprintf
configure:4254: gcc -o conftest -g -O2   conftest.c  >&5
conftest.c:51:6: warning: conflicting types for built-in function 'vprintf' [enabled by default]
configure:4254: $? = 0
configure:4254: result: yes
configure:4260: checking for _doprnt
configure:4260: gcc -o conftest -g -O2   conftest.c  >&5
/tmp/ccCU72YQ.o: In function `main':
/home/pi/Downloads/json-c-master/conftest.c:63: undefined reference to `_doprnt'
collect2: ld returned 1 exit status
configure:4260: $? = 1
configure: failed program was:
| /* confdefs.h */
| #define PACKAGE_NAME "json-c"
| #define PACKAGE_TARNAME "json-c"
| #define PACKAGE_VERSION "0.10"
| #define PACKAGE_STRING "json-c 0.10"
| #define PACKAGE_BUGREPORT "michael@metaparadigm.com"
| #define PACKAGE_URL ""
| #define PACKAGE "json-c"
| #define VERSION "0.10"
| #define STDC_HEADERS 1
| #define HAVE_SYS_TYPES_H 1
| #define HAVE_SYS_STAT_H 1
| #define HAVE_STDLIB_H 1
| #define HAVE_STRING_H 1
| #define HAVE_MEMORY_H 1
| #define HAVE_STRINGS_H 1
| #define HAVE_INTTYPES_H 1
| #define HAVE_STDINT_H 1
| #define HAVE_UNISTD_H 1
| #define HAVE_FCNTL_H 1
| #define HAVE_LIMITS_H 1
| #define HAVE_STRINGS_H 1
| #define HAVE_SYSLOG_H 1
| #define HAVE_UNISTD_H 1
| #define HAVE_SYS_PARAM_H 1
| #define HAVE_STDARG_H 1
| #define HAVE_VPRINTF 1
| /* end confdefs.h.  */
| /* Define _doprnt to an innocuous variant, in case <limits.h> declares _doprnt.
|    For example, HP-UX 11i <limits.h> declares gettimeofday.  */
| #define _doprnt innocuous__doprnt
| 
| /* System header to define __stub macros and hopefully few prototypes,
|     which can conflict with char _doprnt (); below.
|     Prefer <limits.h> to <assert.h> if __STDC__ is defined, since
|     <limits.h> exists even on freestanding compilers.  */
| 
| #ifdef __STDC__
| # include <limits.h>
| #else
| # include <assert.h>
| #endif
| 
| #undef _doprnt
| 
| /* Override any GCC internal prototype to avoid an error.
|    Use char because int might match the return type of a GCC
|    builtin and then its argument prototype would still apply.  */
| #ifdef __cplusplus
| extern "C"
| #endif
| char _doprnt ();
| /* The GNU C library defines this for functions which it implements
|     to always fail with ENOSYS.  Some functions are actually named
|     something starting with __ and the normal name is an alias.  */
| #if defined __stub__doprnt || defined __stub____doprnt
| choke me
| #endif
| 
| int
| main ()
| {
| return _doprnt ();
|   ;
|   return 0;
| }
configure:4260: result: no
configure:4271: checking for working memcmp
configure:4314: gcc -o conftest -g -O2   conftest.c  >&5
configure:4314: $? = 0
configure:4314: ./conftest
configure:4314: $? = 0
configure:4324: result: yes
configure:4335: checking for stdlib.h
configure:4335: result: yes
configure:4345: checking for GNU libc compatible malloc
configure:4369: gcc -o conftest -g -O2   conftest.c  >&5
configure:4369: $? = 0
configure:4369: ./conftest
configure:4369: $? = 0
configure:4379: result: yes
configure:4402: checking for stdlib.h
configure:4402: result: yes
configure:4412: checking for GNU libc compatible realloc
configure:4436: gcc -o conftest -g -O2   conftest.c  >&5
configure:4436: $? = 0
configure:4436: ./conftest
configure:4436: $? = 0
configure:4446: result: yes
configure:4470: checking for strndup
configure:4470: gcc -o conftest -g -O2   conftest.c  >&5
conftest.c:56:6: warning: conflicting types for built-in function 'strndup' [enabled by default]
configure:4470: $? = 0
configure:4470: result: yes
configure:4470: checking for strerror
configure:4470: gcc -o conftest -g -O2   conftest.c  >&5
configure:4470: $? = 0
configure:4470: result: yes
configure:4470: checking for vsnprintf
configure:4470: gcc -o conftest -g -O2   conftest.c  >&5
conftest.c:58:6: warning: conflicting types for built-in function 'vsnprintf' [enabled by default]
configure:4470: $? = 0
configure:4470: result: yes
configure:4470: checking for vasprintf
configure:4470: gcc -o conftest -g -O2   conftest.c  >&5
configure:4470: $? = 0
configure:4470: result: yes
configure:4470: checking for open
configure:4470: gcc -o conftest -g -O2   conftest.c  >&5
configure:4470: $? = 0
configure:4470: result: yes
configure:4470: checking for vsyslog
configure:4470: gcc -o conftest -g -O2   conftest.c  >&5
configure:4470: $? = 0
configure:4470: result: yes
configure:4470: checking for strncasecmp
configure:4470: gcc -o conftest -g -O2   conftest.c  >&5
conftest.c:62:6: warning: conflicting types for built-in function 'strncasecmp' [enabled by default]
configure:4470: $? = 0
configure:4470: result: yes
configure:4509: checking build system type
configure:4523: result: armv6l-unknown-linux-gnueabihf
configure:4543: checking host system type
configure:4556: result: armv6l-unknown-linux-gnueabihf
configure:4597: checking how to print strings
configure:4624: result: printf
configure:4645: checking for a sed that does not truncate output
configure:4709: result: /bin/sed
configure:4727: checking for fgrep
configure:4789: result: /bin/grep -F
configure:4824: checking for ld used by gcc
configure:4891: result: /usr/bin/ld
configure:4898: checking if the linker (/usr/bin/ld) is GNU ld
configure:4913: result: yes
configure:4925: checking for BSD- or MS-compatible name lister (nm)
configure:4974: result: /usr/bin/nm -B
configure:5104: checking the name lister (/usr/bin/nm -B) interface
configure:5111: gcc -c -g -O2  conftest.c >&5
configure:5114: /usr/bin/nm -B "conftest.o"
configure:5117: output
00000000 B some_variable
configure:5124: result: BSD nm
configure:5127: checking whether ln -s works
configure:5131: result: yes
configure:5139: checking the maximum length of command line arguments
configure:5269: result: 1572864
configure:5286: checking whether the shell understands some XSI constructs
configure:5296: result: yes
configure:5300: checking whether the shell understands "+="
configure:5306: result: yes
configure:5341: checking how to convert armv6l-unknown-linux-gnueabihf file names to armv6l-unknown-linux-gnueabihf format
configure:5381: result: func_convert_file_noop
configure:5388: checking how to convert armv6l-unknown-linux-gnueabihf file names to toolchain format
configure:5408: result: func_convert_file_noop
configure:5415: checking for /usr/bin/ld option to reload object files
configure:5422: result: -r
configure:5496: checking for objdump
configure:5512: found /usr/bin/objdump
configure:5523: result: objdump
configure:5555: checking how to recognize dependent libraries
configure:5753: result: pass_all
configure:5838: checking for dlltool
configure:5868: result: no
configure:5898: checking how to associate runtime and link libraries
configure:5925: result: printf %s\n
configure:5985: checking for ar
configure:6001: found /usr/bin/ar
configure:6012: result: ar
configure:6049: checking for archiver @FILE support
configure:6066: gcc -c -g -O2  conftest.c >&5
configure:6066: $? = 0
configure:6069: ar cru libconftest.a @conftest.lst >&5
configure:6072: $? = 0
configure:6077: ar cru libconftest.a @conftest.lst >&5
ar: conftest.o: No such file or directory
configure:6080: $? = 1
configure:6092: result: @
configure:6150: checking for strip
configure:6166: found /usr/bin/strip
configure:6177: result: strip
configure:6249: checking for ranlib
configure:6265: found /usr/bin/ranlib
configure:6276: result: ranlib
configure:6378: checking command to parse /usr/bin/nm -B output from gcc object
configure:6498: gcc -c -g -O2  conftest.c >&5
configure:6501: $? = 0
configure:6505: /usr/bin/nm -B conftest.o \| sed -n -e 's/^.*[ ]\([ABCDGIRSTW][ABCDGIRSTW]*\)[ ][ ]*\([_A-Za-z][_A-Za-z0-9]*\)$/\1 \2 \2/p' | sed '/ __gnu_lto/d' \> conftest.nm
configure:6508: $? = 0
configure:6574: gcc -o conftest -g -O2   conftest.c conftstm.o >&5
configure:6577: $? = 0
configure:6615: result: ok
configure:6652: checking for sysroot
configure:6682: result: no
configure:6938: checking for mt
configure:6954: found /bin/mt
configure:6965: result: mt
configure:6988: checking if mt is a manifest tool
configure:6994: mt '-?'
configure:7002: result: no
configure:7641: checking for dlfcn.h
configure:7641: gcc -c -g -O2  conftest.c >&5
configure:7641: $? = 0
configure:7641: result: yes
configure:7847: checking for objdir
configure:7862: result: .libs
configure:8129: checking if gcc supports -fno-rtti -fno-exceptions
configure:8147: gcc -c -g -O2  -fno-rtti -fno-exceptions conftest.c >&5
cc1: warning: command line option '-fno-rtti' is valid for C++/ObjC++ but not for C [enabled by default]
configure:8151: $? = 0
configure:8164: result: no
configure:8491: checking for gcc option to produce PIC
configure:8498: result: -fPIC -DPIC
configure:8506: checking if gcc PIC flag -fPIC -DPIC works
configure:8524: gcc -c -g -O2  -fPIC -DPIC -DPIC conftest.c >&5
configure:8528: $? = 0
configure:8541: result: yes
configure:8570: checking if gcc static flag -static works
configure:8598: result: yes
configure:8613: checking if gcc supports -c -o file.o
configure:8634: gcc -c -g -O2  -o out/conftest2.o conftest.c >&5
configure:8638: $? = 0
configure:8660: result: yes
configure:8668: checking if gcc supports -c -o file.o
configure:8715: result: yes
configure:8748: checking whether the gcc linker (/usr/bin/ld) supports shared libraries
configure:9905: result: yes
configure:9942: checking whether -lc should be explicitly linked in
configure:9950: gcc -c -g -O2  conftest.c >&5
configure:9953: $? = 0
configure:9968: gcc -shared  -fPIC -DPIC conftest.o  -v -Wl,-soname -Wl,conftest -o conftest 2\>\&1 \| /bin/grep  -lc  \>/dev/null 2\>\&1
configure:9971: $? = 0
configure:9985: result: no
configure:10145: checking dynamic linker characteristics
configure:10645: gcc -o conftest -g -O2   -Wl,-rpath -Wl,/foo conftest.c  >&5
configure:10645: $? = 0
configure:10879: result: GNU/Linux ld.so
configure:10986: checking how to hardcode library paths into programs
configure:11011: result: immediate
configure:11551: checking whether stripping libraries is possible
configure:11556: result: yes
configure:11591: checking if libtool supports shared libraries
configure:11593: result: yes
configure:11596: checking whether to build shared libraries
configure:11617: result: yes
configure:11620: checking whether to build static libraries
configure:11624: result: yes
configure:11794: creating ./config.status

## ---------------------- ##
## Running config.status. ##
## ---------------------- ##

This file was extended by json-c config.status 0.10, which was
generated by GNU Autoconf 2.69.  Invocation command line was

  CONFIG_FILES    = 
  CONFIG_HEADERS  = 
  CONFIG_LINKS    = 
  CONFIG_COMMANDS = 
  $ ./config.status 

on raspberrypi

config.status:1096: creating Makefile
config.status:1096: creating json.pc
config.status:1096: creating config.h
config.status:1325: executing depfiles commands
config.status:1325: executing libtool commands

## ---------------- ##
## Cache variables. ##
## ---------------- ##

ac_cv_build=armv6l-unknown-linux-gnueabihf
ac_cv_c_compiler_gnu=yes
ac_cv_c_const=yes
ac_cv_env_CC_set=
ac_cv_env_CC_value=
ac_cv_env_CFLAGS_set=
ac_cv_env_CFLAGS_value=
ac_cv_env_CPPFLAGS_set=
ac_cv_env_CPPFLAGS_value=
ac_cv_env_CPP_set=
ac_cv_env_CPP_value=
ac_cv_env_LDFLAGS_set=
ac_cv_env_LDFLAGS_value=
ac_cv_env_LIBS_set=
ac_cv_env_LIBS_value=
ac_cv_env_build_alias_set=
ac_cv_env_build_alias_value=
ac_cv_env_host_alias_set=
ac_cv_env_host_alias_value=
ac_cv_env_target_alias_set=
ac_cv_env_target_alias_value=
ac_cv_func__doprnt=no
ac_cv_func_malloc_0_nonnull=yes
ac_cv_func_memcmp_working=yes
ac_cv_func_open=yes
ac_cv_func_realloc_0_nonnull=yes
ac_cv_func_strerror=yes
ac_cv_func_strncasecmp=yes
ac_cv_func_strndup=yes
ac_cv_func_vasprintf=yes
ac_cv_func_vprintf=yes
ac_cv_func_vsnprintf=yes
ac_cv_func_vsyslog=yes
ac_cv_header_dlfcn_h=yes
ac_cv_header_fcntl_h=yes
ac_cv_header_inttypes_h=yes
ac_cv_header_limits_h=yes
ac_cv_header_memory_h=yes
ac_cv_header_stdarg_h=yes
ac_cv_header_stdc=yes
ac_cv_header_stdint_h=yes
ac_cv_header_stdlib_h=yes
ac_cv_header_string_h=yes
ac_cv_header_strings_h=yes
ac_cv_header_sys_param_h=yes
ac_cv_header_sys_stat_h=yes
ac_cv_header_sys_types_h=yes
ac_cv_header_syslog_h=yes
ac_cv_header_unistd_h=yes
ac_cv_host=armv6l-unknown-linux-gnueabihf
ac_cv_objext=o
ac_cv_path_EGREP='/bin/grep -E'
ac_cv_path_FGREP='/bin/grep -F'
ac_cv_path_GREP=/bin/grep
ac_cv_path_SED=/bin/sed
ac_cv_path_install='/usr/bin/install -c'
ac_cv_path_mkdir=/bin/mkdir
ac_cv_prog_AWK=mawk
ac_cv_prog_CPP='gcc -E'
ac_cv_prog_ac_ct_AR=ar
ac_cv_prog_ac_ct_CC=gcc
ac_cv_prog_ac_ct_MANIFEST_TOOL=mt
ac_cv_prog_ac_ct_OBJDUMP=objdump
ac_cv_prog_ac_ct_RANLIB=ranlib
ac_cv_prog_ac_ct_STRIP=strip
ac_cv_prog_cc_c89=
ac_cv_prog_cc_g=yes
ac_cv_prog_make_make_set=yes
ac_cv_type_size_t=yes
am_cv_CC_dependencies_compiler_type=gcc3
lt_cv_ar_at_file=@
lt_cv_archive_cmds_need_lc=no
lt_cv_deplibs_check_method=pass_all
lt_cv_file_magic_cmd='$MAGIC_CMD'
lt_cv_file_magic_test_file=
lt_cv_ld_reload_flag=-r
lt_cv_nm_interface='BSD nm'
lt_cv_objdir=.libs
lt_cv_path_LD=/usr/bin/ld
lt_cv_path_NM='/usr/bin/nm -B'
lt_cv_path_mainfest_tool=no
lt_cv_prog_compiler_c_o=yes
lt_cv_prog_compiler_pic='-fPIC -DPIC'
lt_cv_prog_compiler_pic_works=yes
lt_cv_prog_compiler_rtti_exceptions=no
lt_cv_prog_compiler_static_works=yes
lt_cv_prog_gnu_ld=yes
lt_cv_sharedlib_from_linklib_cmd='printf %s\n'
lt_cv_shlibpath_overrides_runpath=no
lt_cv_sys_global_symbol_pipe='sed -n -e '\''s/^.*[	 ]\([ABCDGIRSTW][ABCDGIRSTW]*\)[	 ][	 ]*\([_A-Za-z][_A-Za-z0-9]*\)$/\1 \2 \2/p'\'' | sed '\''/ __gnu_lto/d'\'''
lt_cv_sys_global_symbol_to_c_name_address='sed -n -e '\''s/^: \([^ ]*\)[ ]*$/  {\"\1\", (void *) 0},/p'\'' -e '\''s/^[ABCDGIRSTW]* \([^ ]*\) \([^ ]*\)$/  {"\2", (void *) \&\2},/p'\'''
lt_cv_sys_global_symbol_to_c_name_address_lib_prefix='sed -n -e '\''s/^: \([^ ]*\)[ ]*$/  {\"\1\", (void *) 0},/p'\'' -e '\''s/^[ABCDGIRSTW]* \([^ ]*\) \(lib[^ ]*\)$/  {"\2", (void *) \&\2},/p'\'' -e '\''s/^[ABCDGIRSTW]* \([^ ]*\) \([^ ]*\)$/  {"lib\2", (void *) \&\2},/p'\'''
lt_cv_sys_global_symbol_to_cdecl='sed -n -e '\''s/^T .* \(.*\)$/extern int \1();/p'\'' -e '\''s/^[ABCDGIRSTW]* .* \(.*\)$/extern char \1;/p'\'''
lt_cv_sys_max_cmd_len=1572864
lt_cv_to_host_file_cmd=func_convert_file_noop
lt_cv_to_tool_file_cmd=func_convert_file_noop

## ----------------- ##
## Output variables. ##
## ----------------- ##

ACLOCAL='${SHELL} /home/pi/Downloads/json-c-master/missing --run aclocal-1.11'
AMDEPBACKSLASH='\'
AMDEP_FALSE='#'
AMDEP_TRUE=''
AMTAR='$${TAR-tar}'
AR='ar'
AUTOCONF='${SHELL} /home/pi/Downloads/json-c-master/missing --run autoconf'
AUTOHEADER='${SHELL} /home/pi/Downloads/json-c-master/missing --run autoheader'
AUTOMAKE='${SHELL} /home/pi/Downloads/json-c-master/missing --run automake-1.11'
AWK='mawk'
CC='gcc'
CCDEPMODE='depmode=gcc3'
CFLAGS='-g -O2'
CPP='gcc -E'
CPPFLAGS=''
CYGPATH_W='echo'
DEFS='-DHAVE_CONFIG_H'
DEPDIR='.deps'
DLLTOOL='false'
DSYMUTIL=''
DUMPBIN=''
ECHO_C=''
ECHO_N='-n'
ECHO_T=''
EGREP='/bin/grep -E'
EXEEXT=''
FGREP='/bin/grep -F'
GREP='/bin/grep'
INSTALL_DATA='${INSTALL} -m 644'
INSTALL_PROGRAM='${INSTALL}'
INSTALL_SCRIPT='${INSTALL}'
INSTALL_STRIP_PROGRAM='$(install_sh) -c -s'
LD='/usr/bin/ld'
LDFLAGS=''
LIBOBJS=''
LIBS=''
LIBTOOL='$(SHELL) $(top_builddir)/libtool'
LIPO=''
LN_S='ln -s'
LTLIBOBJS=''
MAKEINFO='${SHELL} /home/pi/Downloads/json-c-master/missing --run makeinfo'
MANIFEST_TOOL=':'
MKDIR_P='/bin/mkdir -p'
NM='/usr/bin/nm -B'
NMEDIT=''
OBJDUMP='objdump'
OBJEXT='o'
OTOOL64=''
OTOOL=''
PACKAGE='json-c'
PACKAGE_BUGREPORT='michael@metaparadigm.com'
PACKAGE_NAME='json-c'
PACKAGE_STRING='json-c 0.10'
PACKAGE_TARNAME='json-c'
PACKAGE_URL=''
PACKAGE_VERSION='0.10'
PATH_SEPARATOR=':'
RANLIB='ranlib'
SED='/bin/sed'
SET_MAKE=''
SHELL='/bin/bash'
STRIP='strip'
VERSION='0.10'
ac_ct_AR='ar'
ac_ct_CC='gcc'
ac_ct_DUMPBIN=''
am__EXEEXT_FALSE=''
am__EXEEXT_TRUE='#'
am__fastdepCC_FALSE='#'
am__fastdepCC_TRUE=''
am__include='include'
am__isrc=''
am__leading_dot='.'
am__nodep='_no'
am__quote=''
am__tar='$${TAR-tar} chof - "$$tardir"'
am__untar='$${TAR-tar} xf -'
bindir='${exec_prefix}/bin'
build='armv6l-unknown-linux-gnueabihf'
build_alias=''
build_cpu='armv6l'
build_os='linux-gnueabihf'
build_vendor='unknown'
datadir='${datarootdir}'
datarootdir='${prefix}/share'
docdir='${datarootdir}/doc/${PACKAGE_TARNAME}'
dvidir='${docdir}'
exec_prefix='${prefix}'
host='armv6l-unknown-linux-gnueabihf'
host_alias=''
host_cpu='armv6l'
host_os='linux-gnueabihf'
host_vendor='unknown'
htmldir='${docdir}'
includedir='${prefix}/include'
infodir='${datarootdir}/info'
install_sh='${SHELL} /home/pi/Downloads/json-c-master/install-sh'
libdir='${exec_prefix}/lib'
libexecdir='${exec_prefix}/libexec'
localedir='${datarootdir}/locale'
localstatedir='${prefix}/var'
mandir='${datarootdir}/man'
mkdir_p='/bin/mkdir -p'
oldincludedir='/usr/include'
pdfdir='${docdir}'
prefix='/usr/local'
program_transform_name='s,x,x,'
psdir='${docdir}'
sbindir='${exec_prefix}/sbin'
sharedstatedir='${prefix}/com'
sysconfdir='${prefix}/etc'
target_alias=''

## ----------- ##
## confdefs.h. ##
## ----------- ##

/* confdefs.h */
#define PACKAGE_NAME "json-c"
#define PACKAGE_TARNAME "json-c"
#define PACKAGE_VERSION "0.10"
#define PACKAGE_STRING "json-c 0.10"
#define PACKAGE_BUGREPORT "michael@metaparadigm.com"
#define PACKAGE_URL ""
#define PACKAGE "json-c"
#define VERSION "0.10"
#define STDC_HEADERS 1
#define HAVE_SYS_TYPES_H 1
#define HAVE_SYS_STAT_H 1
#define HAVE_STDLIB_H 1
#define HAVE_STRING_H 1
#define HAVE_MEMORY_H 1
#define HAVE_STRINGS_H 1
#define HAVE_INTTYPES_H 1
#define HAVE_STDINT_H 1
#define HAVE_UNISTD_H 1
#define HAVE_FCNTL_H 1
#define HAVE_LIMITS_H 1
#define HAVE_STRINGS_H 1
#define HAVE_SYSLOG_H 1
#define HAVE_UNISTD_H 1
#define HAVE_SYS_PARAM_H 1
#define HAVE_STDARG_H 1
#define HAVE_VPRINTF 1
#define HAVE_STDLIB_H 1
#define HAVE_MALLOC 1
#define HAVE_STDLIB_H 1
#define HAVE_REALLOC 1
#define HAVE_STRNDUP 1
#define HAVE_STRERROR 1
#define HAVE_VSNPRINTF 1
#define HAVE_VASPRINTF 1
#define HAVE_OPEN 1
#define HAVE_VSYSLOG 1
#define HAVE_STRNCASECMP 1
#define HAVE_DLFCN_H 1
#define LT_OBJDIR ".libs/"

configure: exit 0
