This file contains any messages produced by compilers while
running configure, to aid debugging if configure makes a mistake.

configure:763: checking host system type
configure:813: checking for a BSD compatible install
configure:866: checking whether build environment is sane
configure:923: checking whether make sets ${MAKE}
configure:969: checking for working aclocal
configure:982: checking for working autoconf
configure:995: checking for working automake
configure:1008: checking for working autoheader
configure:1021: checking for working makeinfo
configure:1045: checking for gcc
configure:1158: checking whether the C compiler (gcc -O2 -fnative-struct -fno-rtti -fno-exceptions -mcpu=pentium -march=i386 -Wl,-s ) works
configure:1174: gcc -o conftest -O2 -fnative-struct -fno-rtti -fno-exceptions -mcpu=pentium -march=i386 -D_MSC_VER -Wl,-s  conftest.c -Wl,-s -lwsock32 -liberty -lMsup -lMstubs 1>&5
configure:1200: checking whether the C compiler (gcc -O2 -fnative-struct -fno-rtti -fno-exceptions -mcpu=pentium -march=i386 -Wl,-s ) is a cross-compiler
configure:1205: checking whether we are using GNU C
configure:1214: gcc -E conftest.c
configure:1233: checking whether gcc accepts -g
configure:1276: checking for a BSD compatible install
configure:1329: checking how to run the C preprocessor
configure:1350: gcc -E -D_MSC_VER conftest.c >/dev/null 2>conftest.out
configure:1411: checking for rm
configure:1447: checking for mv
configure:1483: checking for tar
configure:1521: checking for gcc option to accept ANSI C
configure:1574: gcc  -c -O2 -fnative-struct -fno-rtti -fno-exceptions -mcpu=pentium -march=i386 -D_MSC_VER conftest.c 1>&5
configure:1600: checking for function prototypes
configure:1761: checking for Cygwin environment
configure:1777: gcc -c -O2 -fnative-struct -fno-rtti -fno-exceptions -mcpu=pentium -march=i386 -D_MSC_VER conftest.c 1>&5
configure: In function `main':
configure:1773: `__CYGWIN32__' undeclared (first use in this function)
configure:1773: (Each undeclared identifier is reported only once
configure:1773: for each function it appears in.)
configure: failed program was:
#line 1766 "configure"
#include "confdefs.h"

int main() {

#ifndef __CYGWIN__
#define __CYGWIN__ __CYGWIN32__
#endif
return __CYGWIN__;
; return 0; }
configure:1794: checking for mingw32 environment
configure:1806: gcc -c -O2 -fnative-struct -fno-rtti -fno-exceptions -mcpu=pentium -march=i386 -D_MSC_VER conftest.c 1>&5
configure:1892: checking build system type
configure:1921: checking for ld used by GCC
configure:1989: checking if the linker (i:/MINGW/mingw32/bin/ld.exe) is GNU ld
GNU ld version 2.11.90 (with BFD 2.11.90)
configure:2006: checking for i:/MINGW/mingw32/bin/ld.exe option to reload object files
configure:2018: checking for BSD-compatible nm
configure:2056: checking whether ln -s works
configure:2077: checking how to recognise dependant libraries
configure:2250: checking for object suffix
configure:2256: gcc -c -O2 -fnative-struct -fno-rtti -fno-exceptions -mcpu=pentium -march=i386 -D_MSC_VER conftest.c 1>&5
configure:2276: checking for executable suffix
configure:2317: checking command to parse /cygdrive/i/MINGW/BIN/nm -B output
configure:2393: gcc -c -O2 -fnative-struct -fno-rtti -fno-exceptions -mcpu=pentium -march=i386 -D_MSC_VER conftest.c 1>&5
configure:2396: /cygdrive/i/MINGW/BIN/nm -B conftest.o | sed -n -e 's/^.*[ ]\([ABCDGISTW][ABCDGISTW]*\)[ ][ ]*\(\)\([_A-Za-z][_A-Za-z0-9]*\)\{0,1\}$/\1 \2\3 \3/p' > conftest.nm
cannot find nm_test_var in conftest.nm
configure:2393: gcc -c -O2 -fnative-struct -fno-rtti -fno-exceptions -mcpu=pentium -march=i386 -D_MSC_VER conftest.c 1>&5
configure:2396: /cygdrive/i/MINGW/BIN/nm -B conftest.o | sed -n -e 's/^.*[ ]\([ABCDGISTW][ABCDGISTW]*\)[ ][ ]*\(_\)\([_A-Za-z][_A-Za-z0-9]*\)\{0,1\}$/\1 \2\3 \3/p' > conftest.nm
configure:2447: gcc -o conftest.exe -O2 -fnative-struct -fno-rtti -fno-exceptions -mcpu=pentium -march=i386 -D_MSC_VER -Wl,-s  conftest.c conftstm.o 1>&5
configure:2493: checking for dlfcn.h
configure:2503: gcc -E -D_MSC_VER conftest.c >/dev/null 2>conftest.out
configure:2499: dlfcn.h: No such file or directory
configure: failed program was:
#line 2498 "configure"
#include "confdefs.h"
#include <dlfcn.h>
configure:2671: checking for ranlib
configure:2738: checking for strip
configure:2974: checking for objdir
configure:3001: checking for gcc option to produce PIC
configure:3153: checking if gcc PIC flag -DDLL_EXPORT works
configure:3167: gcc -c -O2 -fnative-struct -fno-rtti -fno-exceptions -mcpu=pentium -march=i386 -DDLL_EXPORT -DPIC -D_MSC_VER conftest.c 1>&5
configure:3219: checking if gcc static flag -static works
configure:3234: gcc -o conftest.exe -O2 -fnative-struct -fno-rtti -fno-exceptions -mcpu=pentium -march=i386 -D_MSC_VER -Wl,-s  -static conftest.c -Wl,-s -lwsock32 -liberty -lMsup -lMstubs 1>&5
configure:3261: checking if gcc supports -c -o file.o
configure:3280: gcc -c -O2 -fnative-struct -fno-rtti -fno-exceptions -mcpu=pentium -march=i386 -o out/conftest2.o -D_MSC_VER conftest.c 1>&5
configure:3309: checking if gcc supports -c -o file.lo
configure:3325: gcc -c -O2 -fnative-struct -fno-rtti -fno-exceptions -mcpu=pentium -march=i386 -c -o conftest.lo -D_MSC_VER conftest.c 1>&5
configure:3374: checking if gcc supports -fno-rtti -fno-exceptions
configure:3387: gcc -c -O2 -fnative-struct -fno-rtti -fno-exceptions -mcpu=pentium -march=i386 -fno-rtti -fno-exceptions -c conftest.c -D_MSC_VER conftest.c 1>&5
configure:3414: checking whether the linker (i:/MINGW/mingw32/bin/ld.exe) supports shared libraries
configure:4030: checking how to hardcode library paths into programs
configure:4058: checking whether stripping libraries is possible
configure:4072: checking dynamic linker characteristics
configure:4458: checking if libtool supports shared libraries
configure:5550: checking whether to enable maintainer-specific portions of Makefiles
configure:5596: checking for zlib.h
configure:5606: gcc -E -D_MSC_VER conftest.c >/dev/null 2>conftest.out
configure:5627: checking for gzread in -lz
configure:5646: gcc -o conftest.exe -O2 -fnative-struct -fno-rtti -fno-exceptions -mcpu=pentium -march=i386 -D_MSC_VER -Wl,-s  conftest.c -lz  -Wl,-s -lwsock32 -liberty -lMsup -lMstubs 1>&5
configure:5699: checking for dirent.h that defines DIR
configure:5712: gcc -c -O2 -fnative-struct -fno-rtti -fno-exceptions -mcpu=pentium -march=i386 -D_MSC_VER conftest.c 1>&5
configure:5737: checking for opendir in -ldir
configure:5756: gcc -o conftest.exe -O2 -fnative-struct -fno-rtti -fno-exceptions -mcpu=pentium -march=i386 -D_MSC_VER -Wl,-s  conftest.c -ldir  -Wl,-s -lwsock32 -liberty -lMsup -lMstubs 1>&5
i:\MINGW\BIN\..\lib\gcc-lib\mingw32\2.95.3-7\..\..\..\..\mingw32\bin\ld.exe: cannot find -ldir
configure: failed program was:
#line 5745 "configure"
#include "confdefs.h"
/* Override any gcc2 internal prototype to avoid an error.  */
/* We use char because int might match the return type of a gcc2
    builtin and then its argument prototype would still apply.  */
char opendir();

int main() {
opendir()
; return 0; }
configure:5820: checking for ANSI C header files
configure:5833: gcc -E -D_MSC_VER conftest.c >/dev/null 2>conftest.out
configure:5900: gcc -o conftest.exe -O2 -fnative-struct -fno-rtti -fno-exceptions -mcpu=pentium -march=i386 -D_MSC_VER -Wl,-s  conftest.c -Wl,-s -lwsock32 -liberty -lMsup -lMstubs 1>&5
configure:5927: checking for fcntl.h
configure:5937: gcc -E -D_MSC_VER conftest.c >/dev/null 2>conftest.out
configure:5927: checking for unistd.h
configure:5937: gcc -E -D_MSC_VER conftest.c >/dev/null 2>conftest.out
configure:5927: checking for ctype.h
configure:5937: gcc -E -D_MSC_VER conftest.c >/dev/null 2>conftest.out
configure:5927: checking for dirent.h
configure:5937: gcc -E -D_MSC_VER conftest.c >/dev/null 2>conftest.out
configure:5927: checking for errno.h
configure:5937: gcc -E -D_MSC_VER conftest.c >/dev/null 2>conftest.out
configure:5927: checking for malloc.h
configure:5937: gcc -E -D_MSC_VER conftest.c >/dev/null 2>conftest.out
configure:5967: checking for stdarg.h
configure:5977: gcc -E -D_MSC_VER conftest.c >/dev/null 2>conftest.out
configure:5967: checking for sys/stat.h
configure:5977: gcc -E -D_MSC_VER conftest.c >/dev/null 2>conftest.out
configure:5967: checking for sys/types.h
configure:5977: gcc -E -D_MSC_VER conftest.c >/dev/null 2>conftest.out
configure:5967: checking for time.h
configure:5977: gcc -E -D_MSC_VER conftest.c >/dev/null 2>conftest.out
configure:5967: checking for ansidecl.h
configure:5977: gcc -E -D_MSC_VER conftest.c >/dev/null 2>conftest.out
configure:6007: checking for ieeefp.h
configure:6017: gcc -E -D_MSC_VER conftest.c >/dev/null 2>conftest.out
configure:6013: ieeefp.h: No such file or directory
configure: failed program was:
#line 6012 "configure"
#include "confdefs.h"
#include <ieeefp.h>
configure:6007: checking for nan.h
configure:6017: gcc -E -D_MSC_VER conftest.c >/dev/null 2>conftest.out
configure:6013: nan.h: No such file or directory
configure: failed program was:
#line 6012 "configure"
#include "confdefs.h"
#include <nan.h>
configure:6007: checking for math.h
configure:6017: gcc -E -D_MSC_VER conftest.c >/dev/null 2>conftest.out
configure:6007: checking for fp_class.h
configure:6017: gcc -E -D_MSC_VER conftest.c >/dev/null 2>conftest.out
configure:6013: fp_class.h: No such file or directory
configure: failed program was:
#line 6012 "configure"
#include "confdefs.h"
#include <fp_class.h>
configure:6007: checking for float.h
configure:6017: gcc -E -D_MSC_VER conftest.c >/dev/null 2>conftest.out
configure:6047: checking for stdlib.h
configure:6057: gcc -E -D_MSC_VER conftest.c >/dev/null 2>conftest.out
configure:6047: checking for sys/socket.h
configure:6057: gcc -E -D_MSC_VER conftest.c >/dev/null 2>conftest.out
configure:6053: sys/socket.h: No such file or directory
configure: failed program was:
#line 6052 "configure"
#include "confdefs.h"
#include <sys/socket.h>
configure:6047: checking for netinet/in.h
configure:6057: gcc -E -D_MSC_VER conftest.c >/dev/null 2>conftest.out
configure:6053: netinet/in.h: No such file or directory
configure: failed program was:
#line 6052 "configure"
#include "confdefs.h"
#include <netinet/in.h>
configure:6047: checking for arpa/inet.h
configure:6057: gcc -E -D_MSC_VER conftest.c >/dev/null 2>conftest.out
configure:6053: arpa/inet.h: No such file or directory
configure: failed program was:
#line 6052 "configure"
#include "confdefs.h"
#include <arpa/inet.h>
configure:6087: checking for netdb.h
configure:6097: gcc -E -D_MSC_VER conftest.c >/dev/null 2>conftest.out
configure:6093: netdb.h: No such file or directory
configure: failed program was:
#line 6092 "configure"
#include "confdefs.h"
#include <netdb.h>
configure:6087: checking for sys/time.h
configure:6097: gcc -E -D_MSC_VER conftest.c >/dev/null 2>conftest.out
configure:6087: checking for sys/select.h
configure:6097: gcc -E -D_MSC_VER conftest.c >/dev/null 2>conftest.out
configure:6093: sys/select.h: No such file or directory
configure: failed program was:
#line 6092 "configure"
#include "confdefs.h"
#include <sys/select.h>
configure:6087: checking for sys/mman.h
configure:6097: gcc -E -D_MSC_VER conftest.c >/dev/null 2>conftest.out
configure:6127: checking for signal.h
configure:6137: gcc -E -D_MSC_VER conftest.c >/dev/null 2>conftest.out
configure:6173: checking for strftime
configure:6201: gcc -o conftest.exe -O2 -fnative-struct -fno-rtti -fno-exceptions -mcpu=pentium -march=i386 -D_MSC_VER -Wl,-s  conftest.c -Wl,-s -lwsock32 -liberty -lMsup -lMstubs 1>&5
configure:6271: checking for strdup
configure:6299: gcc -o conftest.exe -O2 -fnative-struct -fno-rtti -fno-exceptions -mcpu=pentium -march=i386 -D_MSC_VER -Wl,-s  conftest.c -Wl,-s -lwsock32 -liberty -lMsup -lMstubs 1>&5
configure:6271: checking for strndup
configure:6299: gcc -o conftest.exe -O2 -fnative-struct -fno-rtti -fno-exceptions -mcpu=pentium -march=i386 -D_MSC_VER -Wl,-s  conftest.c -Wl,-s -lwsock32 -liberty -lMsup -lMstubs 1>&5
l:\TEMP\ccVDuZfb.o(.text+0xc):conftest.c: undefined reference to `strndup'
configure: failed program was:
#line 6276 "configure"
#include "confdefs.h"
/* System header to define __stub macros and hopefully few prototypes,
    which can conflict with char strndup(); below.  */
#include <assert.h>
/* Override any gcc2 internal prototype to avoid an error.  */
/* We use char because int might match the return type of a gcc2
    builtin and then its argument prototype would still apply.  */
char strndup();

int main() {

/* The GNU C library defines this for functions which it implements
    to always fail with ENOSYS.  Some functions are actually named
    something starting with __ and the normal name is an alias.  */
#if defined (__stub_strndup) || defined (__stub___strndup)
choke me
#else
strndup();
#endif

; return 0; }
configure:6271: checking for strerror
configure:6299: gcc -o conftest.exe -O2 -fnative-struct -fno-rtti -fno-exceptions -mcpu=pentium -march=i386 -D_MSC_VER -Wl,-s  conftest.c -Wl,-s -lwsock32 -liberty -lMsup -lMstubs 1>&5
configure:6326: checking for finite
configure:6354: gcc -o conftest.exe -O2 -fnative-struct -fno-rtti -fno-exceptions -mcpu=pentium -march=i386 -D_MSC_VER -Wl,-s  conftest.c -Wl,-s -lwsock32 -liberty -lMsup -lMstubs 1>&5
l:\TEMP\ccdlLZfb.o(.text+0xc):conftest.c: undefined reference to `finite'
configure: failed program was:
#line 6331 "configure"
#include "confdefs.h"
/* System header to define __stub macros and hopefully few prototypes,
    which can conflict with char finite(); below.  */
#include <assert.h>
/* Override any gcc2 internal prototype to avoid an error.  */
/* We use char because int might match the return type of a gcc2
    builtin and then its argument prototype would still apply.  */
char finite();

int main() {

/* The GNU C library defines this for functions which it implements
    to always fail with ENOSYS.  Some functions are actually named
    something starting with __ and the normal name is an alias.  */
#if defined (__stub_finite) || defined (__stub___finite)
choke me
#else
finite();
#endif

; return 0; }
configure:6326: checking for isnand
configure:6354: gcc -o conftest.exe -O2 -fnative-struct -fno-rtti -fno-exceptions -mcpu=pentium -march=i386 -D_MSC_VER -Wl,-s  conftest.c -Wl,-s -lwsock32 -liberty -lMsup -lMstubs 1>&5
l:\TEMP\ccfITYfb.o(.text+0xc):conftest.c: undefined reference to `isnand'
configure: failed program was:
#line 6331 "configure"
#include "confdefs.h"
/* System header to define __stub macros and hopefully few prototypes,
    which can conflict with char isnand(); below.  */
#include <assert.h>
/* Override any gcc2 internal prototype to avoid an error.  */
/* We use char because int might match the return type of a gcc2
    builtin and then its argument prototype would still apply.  */
char isnand();

int main() {

/* The GNU C library defines this for functions which it implements
    to always fail with ENOSYS.  Some functions are actually named
    something starting with __ and the normal name is an alias.  */
#if defined (__stub_isnand) || defined (__stub___isnand)
choke me
#else
isnand();
#endif

; return 0; }
configure:6326: checking for fp_class
configure:6354: gcc -o conftest.exe -O2 -fnative-struct -fno-rtti -fno-exceptions -mcpu=pentium -march=i386 -D_MSC_VER -Wl,-s  conftest.c -Wl,-s -lwsock32 -liberty -lMsup -lMstubs 1>&5
l:\TEMP\cc3RbYfb.o(.text+0xc):conftest.c: undefined reference to `fp_class'
configure: failed program was:
#line 6331 "configure"
#include "confdefs.h"
/* System header to define __stub macros and hopefully few prototypes,
    which can conflict with char fp_class(); below.  */
#include <assert.h>
/* Override any gcc2 internal prototype to avoid an error.  */
/* We use char because int might match the return type of a gcc2
    builtin and then its argument prototype would still apply.  */
char fp_class();

int main() {

/* The GNU C library defines this for functions which it implements
    to always fail with ENOSYS.  Some functions are actually named
    something starting with __ and the normal name is an alias.  */
#if defined (__stub_fp_class) || defined (__stub___fp_class)
choke me
#else
fp_class();
#endif

; return 0; }
configure:6326: checking for class
configure:6354: gcc -o conftest.exe -O2 -fnative-struct -fno-rtti -fno-exceptions -mcpu=pentium -march=i386 -D_MSC_VER -Wl,-s  conftest.c -Wl,-s -lwsock32 -liberty -lMsup -lMstubs 1>&5
l:\TEMP\ccVDuZfb.o(.text+0xc):conftest.c: undefined reference to `class'
configure: failed program was:
#line 6331 "configure"
#include "confdefs.h"
/* System header to define __stub macros and hopefully few prototypes,
    which can conflict with char class(); below.  */
#include <assert.h>
/* Override any gcc2 internal prototype to avoid an error.  */
/* We use char because int might match the return type of a gcc2
    builtin and then its argument prototype would still apply.  */
char class();

int main() {

/* The GNU C library defines this for functions which it implements
    to always fail with ENOSYS.  Some functions are actually named
    something starting with __ and the normal name is an alias.  */
#if defined (__stub_class) || defined (__stub___class)
choke me
#else
class();
#endif

; return 0; }
configure:6326: checking for fpclass
configure:6354: gcc -o conftest.exe -O2 -fnative-struct -fno-rtti -fno-exceptions -mcpu=pentium -march=i386 -D_MSC_VER -Wl,-s  conftest.c -Wl,-s -lwsock32 -liberty -lMsup -lMstubs 1>&5
l:\TEMP\ccDYXYfb.o(.text+0xc):conftest.c: undefined reference to `fpclass'
configure: failed program was:
#line 6331 "configure"
#include "confdefs.h"
/* System header to define __stub macros and hopefully few prototypes,
    which can conflict with char fpclass(); below.  */
#include <assert.h>
/* Override any gcc2 internal prototype to avoid an error.  */
/* We use char because int might match the return type of a gcc2
    builtin and then its argument prototype would still apply.  */
char fpclass();

int main() {

/* The GNU C library defines this for functions which it implements
    to always fail with ENOSYS.  Some functions are actually named
    something starting with __ and the normal name is an alias.  */
#if defined (__stub_fpclass) || defined (__stub___fpclass)
choke me
#else
fpclass();
#endif

; return 0; }
configure:6381: checking for strftime
configure:6381: checking for localtime
configure:6409: gcc -o conftest.exe -O2 -fnative-struct -fno-rtti -fno-exceptions -mcpu=pentium -march=i386 -D_MSC_VER -Wl,-s  conftest.c -Wl,-s -lwsock32 -liberty -lMsup -lMstubs 1>&5
configure:6436: checking for stat
configure:6464: gcc -o conftest.exe -O2 -fnative-struct -fno-rtti -fno-exceptions -mcpu=pentium -march=i386 -D_MSC_VER -Wl,-s  conftest.c -Wl,-s -lwsock32 -liberty -lMsup -lMstubs 1>&5
configure:6436: checking for _stat
configure:6464: gcc -o conftest.exe -O2 -fnative-struct -fno-rtti -fno-exceptions -mcpu=pentium -march=i386 -D_MSC_VER -Wl,-s  conftest.c -Wl,-s -lwsock32 -liberty -lMsup -lMstubs 1>&5
configure:6436: checking for signal
configure:6464: gcc -o conftest.exe -O2 -fnative-struct -fno-rtti -fno-exceptions -mcpu=pentium -march=i386 -D_MSC_VER -Wl,-s  conftest.c -Wl,-s -lwsock32 -liberty -lMsup -lMstubs 1>&5
configure:6492: checking for printf
configure:6520: gcc -o conftest.exe -O2 -fnative-struct -fno-rtti -fno-exceptions -mcpu=pentium -march=i386 -D_MSC_VER -Wl,-s  conftest.c -Wl,-s -lwsock32 -liberty -lMsup -lMstubs 1>&5
configure:6492: checking for sprintf
configure:6520: gcc -o conftest.exe -O2 -fnative-struct -fno-rtti -fno-exceptions -mcpu=pentium -march=i386 -D_MSC_VER -Wl,-s  conftest.c -Wl,-s -lwsock32 -liberty -lMsup -lMstubs 1>&5
configure:6492: checking for fprintf
configure:6520: gcc -o conftest.exe -O2 -fnative-struct -fno-rtti -fno-exceptions -mcpu=pentium -march=i386 -D_MSC_VER -Wl,-s  conftest.c -Wl,-s -lwsock32 -liberty -lMsup -lMstubs 1>&5
configure:6492: checking for snprintf
configure:6520: gcc -o conftest.exe -O2 -fnative-struct -fno-rtti -fno-exceptions -mcpu=pentium -march=i386 -D_MSC_VER -Wl,-s  conftest.c -Wl,-s -lwsock32 -liberty -lMsup -lMstubs 1>&5
configure:6492: checking for vfprintf
configure:6520: gcc -o conftest.exe -O2 -fnative-struct -fno-rtti -fno-exceptions -mcpu=pentium -march=i386 -D_MSC_VER -Wl,-s  conftest.c -Wl,-s -lwsock32 -liberty -lMsup -lMstubs 1>&5
configure:6492: checking for vsprintf
configure:6520: gcc -o conftest.exe -O2 -fnative-struct -fno-rtti -fno-exceptions -mcpu=pentium -march=i386 -D_MSC_VER -Wl,-s  conftest.c -Wl,-s -lwsock32 -liberty -lMsup -lMstubs 1>&5
configure:6492: checking for vsnprintf
configure:6520: gcc -o conftest.exe -O2 -fnative-struct -fno-rtti -fno-exceptions -mcpu=pentium -march=i386 -D_MSC_VER -Wl,-s  conftest.c -Wl,-s -lwsock32 -liberty -lMsup -lMstubs 1>&5
configure:6492: checking for sscanf
configure:6520: gcc -o conftest.exe -O2 -fnative-struct -fno-rtti -fno-exceptions -mcpu=pentium -march=i386 -D_MSC_VER -Wl,-s  conftest.c -Wl,-s -lwsock32 -liberty -lMsup -lMstubs 1>&5
configure:6547: checking for gethostent
configure:6575: gcc -o conftest.exe -O2 -fnative-struct -fno-rtti -fno-exceptions -mcpu=pentium -march=i386 -D_MSC_VER -Wl,-s  conftest.c -Wl,-s -lwsock32 -liberty -lMsup -lMstubs 1>&5
l:\TEMP\cclDbYfb.o(.text+0xc):conftest.c: undefined reference to `gethostent'
configure: failed program was:
#line 6552 "configure"
#include "confdefs.h"
/* System header to define __stub macros and hopefully few prototypes,
    which can conflict with char gethostent(); below.  */
#include <assert.h>
/* Override any gcc2 internal prototype to avoid an error.  */
/* We use char because int might match the return type of a gcc2
    builtin and then its argument prototype would still apply.  */
char gethostent();

int main() {

/* The GNU C library defines this for functions which it implements
    to always fail with ENOSYS.  Some functions are actually named
    something starting with __ and the normal name is an alias.  */
#if defined (__stub_gethostent) || defined (__stub___gethostent)
choke me
#else
gethostent();
#endif

; return 0; }
configure:6593: checking for gethostent in -lnsl
configure:6612: gcc -o conftest.exe -O2 -fnative-struct -fno-rtti -fno-exceptions -mcpu=pentium -march=i386 -D_MSC_VER -Wl,-s  conftest.c -lnsl  -Wl,-s -lwsock32 -liberty -lMsup -lMstubs 1>&5
i:\MINGW\BIN\..\lib\gcc-lib\mingw32\2.95.3-7\..\..\..\..\mingw32\bin\ld.exe: cannot find -lnsl
configure: failed program was:
#line 6601 "configure"
#include "confdefs.h"
/* Override any gcc2 internal prototype to avoid an error.  */
/* We use char because int might match the return type of a gcc2
    builtin and then its argument prototype would still apply.  */
char gethostent();

int main() {
gethostent()
; return 0; }
configure:6642: checking for setsockopt
configure:6670: gcc -o conftest.exe -O2 -fnative-struct -fno-rtti -fno-exceptions -mcpu=pentium -march=i386 -D_MSC_VER -Wl,-s  conftest.c -Wl,-s -lwsock32 -liberty -lMsup -lMstubs 1>&5
l:\TEMP\cct7KZfb.o(.text+0xc):conftest.c: undefined reference to `setsockopt'
configure: failed program was:
#line 6647 "configure"
#include "confdefs.h"
/* System header to define __stub macros and hopefully few prototypes,
    which can conflict with char setsockopt(); below.  */
#include <assert.h>
/* Override any gcc2 internal prototype to avoid an error.  */
/* We use char because int might match the return type of a gcc2
    builtin and then its argument prototype would still apply.  */
char setsockopt();

int main() {

/* The GNU C library defines this for functions which it implements
    to always fail with ENOSYS.  Some functions are actually named
    something starting with __ and the normal name is an alias.  */
#if defined (__stub_setsockopt) || defined (__stub___setsockopt)
choke me
#else
setsockopt();
#endif

; return 0; }
configure:6688: checking for setsockopt in -lsocket
configure:6707: gcc -o conftest.exe -O2 -fnative-struct -fno-rtti -fno-exceptions -mcpu=pentium -march=i386 -D_MSC_VER -Wl,-s  conftest.c -lsocket  -Wl,-s -lwsock32 -liberty -lMsup -lMstubs 1>&5
i:\MINGW\BIN\..\lib\gcc-lib\mingw32\2.95.3-7\..\..\..\..\mingw32\bin\ld.exe: cannot find -lsocket
configure: failed program was:
#line 6696 "configure"
#include "confdefs.h"
/* Override any gcc2 internal prototype to avoid an error.  */
/* We use char because int might match the return type of a gcc2
    builtin and then its argument prototype would still apply.  */
char setsockopt();

int main() {
setsockopt()
; return 0; }
configure:6737: checking for connect
configure:6765: gcc -o conftest.exe -O2 -fnative-struct -fno-rtti -fno-exceptions -mcpu=pentium -march=i386 -D_MSC_VER -Wl,-s  conftest.c -Wl,-s -lwsock32 -liberty -lMsup -lMstubs 1>&5
l:\TEMP\ccPGbYfb.o(.text+0xc):conftest.c: undefined reference to `connect'
configure: failed program was:
#line 6742 "configure"
#include "confdefs.h"
/* System header to define __stub macros and hopefully few prototypes,
    which can conflict with char connect(); below.  */
#include <assert.h>
/* Override any gcc2 internal prototype to avoid an error.  */
/* We use char because int might match the return type of a gcc2
    builtin and then its argument prototype would still apply.  */
char connect();

int main() {

/* The GNU C library defines this for functions which it implements
    to always fail with ENOSYS.  Some functions are actually named
    something starting with __ and the normal name is an alias.  */
#if defined (__stub_connect) || defined (__stub___connect)
choke me
#else
connect();
#endif

; return 0; }
configure:6783: checking for connect in -linet
configure:6802: gcc -o conftest.exe -O2 -fnative-struct -fno-rtti -fno-exceptions -mcpu=pentium -march=i386 -D_MSC_VER -Wl,-s  conftest.c -linet  -Wl,-s -lwsock32 -liberty -lMsup -lMstubs 1>&5
i:\MINGW\BIN\..\lib\gcc-lib\mingw32\2.95.3-7\..\..\..\..\mingw32\bin\ld.exe: cannot find -linet
configure: failed program was:
#line 6791 "configure"
#include "confdefs.h"
/* Override any gcc2 internal prototype to avoid an error.  */
/* We use char because int might match the return type of a gcc2
    builtin and then its argument prototype would still apply.  */
char connect();

int main() {
connect()
; return 0; }
configure:6833: checking for type of socket length (socklen_t)
configure:6846: gcc -c -O2 -fnative-struct -fno-rtti -fno-exceptions -mcpu=pentium -march=i386 -D_MSC_VER conftest.c 1>&5
configure:6839: sys/socket.h: No such file or directory
configure: failed program was:
#line 6835 "configure"
#include "confdefs.h"

#include <stddef.h>
#include <sys/types.h>
#include <sys/socket.h>
int main() {

(void)getsockopt (1, 1, 1, NULL, (socklen_t *)NULL)
; return 0; }
configure:6868: gcc -c -O2 -fnative-struct -fno-rtti -fno-exceptions -mcpu=pentium -march=i386 -D_MSC_VER conftest.c 1>&5
configure:6861: sys/socket.h: No such file or directory
configure: failed program was:
#line 6857 "configure"
#include "confdefs.h"

#include <stddef.h>
#include <sys/types.h>
#include <sys/socket.h>
int main() {

(void)getsockopt (1, 1, 1, NULL, (size_t *)NULL)
; return 0; }
configure:6890: gcc -c -O2 -fnative-struct -fno-rtti -fno-exceptions -mcpu=pentium -march=i386 -D_MSC_VER conftest.c 1>&5
configure:6883: sys/socket.h: No such file or directory
configure: failed program was:
#line 6879 "configure"
#include "confdefs.h"

#include <stddef.h>
#include <sys/types.h>
#include <sys/socket.h>
int main() {

(void)getsockopt (1, 1, 1, NULL, (int *)NULL)
; return 0; }
configure:6913: checking for isnan
configure:6941: gcc -o conftest.exe -O2 -fnative-struct -fno-rtti -fno-exceptions -mcpu=pentium -march=i386 -D_MSC_VER -Wl,-s  conftest.c -Wl,-s -lwsock32 -liberty -lMsup -lMstubs 1>&5
l:\TEMP\ccVDuZfb.o(.text+0xc):conftest.c: undefined reference to `isnan'
configure: failed program was:
#line 6918 "configure"
#include "confdefs.h"
/* System header to define __stub macros and hopefully few prototypes,
    which can conflict with char isnan(); below.  */
#include <assert.h>
/* Override any gcc2 internal prototype to avoid an error.  */
/* We use char because int might match the return type of a gcc2
    builtin and then its argument prototype would still apply.  */
char isnan();

int main() {

/* The GNU C library defines this for functions which it implements
    to always fail with ENOSYS.  Some functions are actually named
    something starting with __ and the normal name is an alias.  */
#if defined (__stub_isnan) || defined (__stub___isnan)
choke me
#else
isnan();
#endif

; return 0; }
configure:6959: checking for isnan in -lm
configure:6978: gcc -o conftest.exe -O2 -fnative-struct -fno-rtti -fno-exceptions -mcpu=pentium -march=i386 -D_MSC_VER -Wl,-s  conftest.c -lm  -Wl,-s -lwsock32 -liberty -lMsup -lMstubs 1>&5
l:\TEMP\ccnkbYfb.o(.text+0xc):conftest.c: undefined reference to `isnan'
configure: failed program was:
#line 6967 "configure"
#include "confdefs.h"
/* Override any gcc2 internal prototype to avoid an error.  */
/* We use char because int might match the return type of a gcc2
    builtin and then its argument prototype would still apply.  */
char isnan();

int main() {
isnan()
; return 0; }
configure:7005: checking for isinf
configure:7033: gcc -o conftest.exe -O2 -fnative-struct -fno-rtti -fno-exceptions -mcpu=pentium -march=i386 -D_MSC_VER -Wl,-s  conftest.c -Wl,-s -lwsock32 -liberty -lMsup -lMstubs 1>&5
l:\TEMP\ccv4wZfb.o(.text+0xc):conftest.c: undefined reference to `isinf'
configure: failed program was:
#line 7010 "configure"
#include "confdefs.h"
/* System header to define __stub macros and hopefully few prototypes,
    which can conflict with char isinf(); below.  */
#include <assert.h>
/* Override any gcc2 internal prototype to avoid an error.  */
/* We use char because int might match the return type of a gcc2
    builtin and then its argument prototype would still apply.  */
char isinf();

int main() {

/* The GNU C library defines this for functions which it implements
    to always fail with ENOSYS.  Some functions are actually named
    something starting with __ and the normal name is an alias.  */
#if defined (__stub_isinf) || defined (__stub___isinf)
choke me
#else
isinf();
#endif

; return 0; }
configure:7054: checking for isinf in -lm
configure:7073: gcc -o conftest.exe -O2 -fnative-struct -fno-rtti -fno-exceptions -mcpu=pentium -march=i386 -D_MSC_VER -Wl,-s  conftest.c -lm  -Wl,-s -lwsock32 -liberty -lMsup -lMstubs 1>&5
l:\TEMP\cclDbYfb.o(.text+0xc):conftest.c: undefined reference to `isinf'
configure: failed program was:
#line 7062 "configure"
#include "confdefs.h"
/* Override any gcc2 internal prototype to avoid an error.  */
/* We use char because int might match the return type of a gcc2
    builtin and then its argument prototype would still apply.  */
char isinf();

int main() {
isinf()
; return 0; }
configure:7683: checking for iconv.h
configure:7693: gcc -E -D_MSC_VER conftest.c >/dev/null 2>conftest.out
configure:7710: checking for iconv
configure:7722: gcc -o conftest.exe -O2 -fnative-struct -fno-rtti -fno-exceptions -mcpu=pentium -march=i386 -Wall -D_MSC_VER -Wl,-s  conftest.c -Wl,-s -lwsock32 -liberty -lMsup -lMstubs 1>&5
l:\TEMP\ccv4wZfb.o(.text+0x1d):conftest.c: undefined reference to `libiconv_open'
l:\TEMP\ccv4wZfb.o(.text+0x2e):conftest.c: undefined reference to `libiconv'
configure: failed program was:
#line 7712 "configure"
#include "confdefs.h"
#include <stdlib.h>
#include <iconv.h>
int main() {

iconv_t cd = iconv_open ("","");
iconv (cd, NULL, NULL, NULL, NULL);
; return 0; }
configure:7734: checking for iconv in -liconv
configure:7752: gcc -o conftest.exe -O2 -fnative-struct -fno-rtti -fno-exceptions -mcpu=pentium -march=i386 -Wall -D_MSC_VER -Wl,-s   conftest.c -Wl,-s -lwsock32 -liberty -lMsup -lMstubs -liconv 1>&5
